<?xml version="1.0" encoding="UTF-8"?>
<testsuite name="br.com.cvc.services.impl.BookingServiceImplTest" tests="2" skipped="0" failures="0" errors="0" timestamp="2022-04-04T10:54:36" hostname="MacBook-Air-de-Fabio.local" time="0.02">
  <properties/>
  <testcase name="getBookingByHotelTest()" classname="br.com.cvc.services.impl.BookingServiceImplTest" time="0.014"/>
  <testcase name="getBookingByCityTest()" classname="br.com.cvc.services.impl.BookingServiceImplTest" time="0.006"/>
  <system-out><![CDATA[2022-04-04 07:54:36.562  INFO 91619 --- [    Test worker] .b.t.c.SpringBootTestContextBootstrapper : Neither @ContextConfiguration nor @ContextHierarchy found for test class [br.com.cvc.services.impl.BookingServiceImplTest], using SpringBootContextLoader
2022-04-04 07:54:36.562  INFO 91619 --- [    Test worker] o.s.t.c.support.AbstractContextLoader    : Could not detect default resource locations for test class [br.com.cvc.services.impl.BookingServiceImplTest]: no resource found for suffixes {-context.xml, Context.groovy}.
2022-04-04 07:54:36.562  INFO 91619 --- [    Test worker] t.c.s.AnnotationConfigContextLoaderUtils : Could not detect default configuration classes for test class [br.com.cvc.services.impl.BookingServiceImplTest]: BookingServiceImplTest does not declare any static, non-private, non-final, nested classes annotated with @Configuration.
2022-04-04 07:54:36.569  INFO 91619 --- [    Test worker] .b.t.c.SpringBootTestContextBootstrapper : Found @SpringBootConfiguration br.com.cvc.HotelBookApiApplication for test class br.com.cvc.services.impl.BookingServiceImplTest
2022-04-04 07:54:36.570  INFO 91619 --- [    Test worker] .b.t.c.SpringBootTestContextBootstrapper : Loaded default TestExecutionListener class names from location [META-INF/spring.factories]: [org.springframework.boot.test.autoconfigure.restdocs.RestDocsTestExecutionListener, org.springframework.boot.test.autoconfigure.web.client.MockRestServiceServerResetTestExecutionListener, org.springframework.boot.test.autoconfigure.web.servlet.MockMvcPrintOnlyOnFailureTestExecutionListener, org.springframework.boot.test.autoconfigure.web.servlet.WebDriverTestExecutionListener, org.springframework.boot.test.autoconfigure.webservices.client.MockWebServiceServerTestExecutionListener, org.springframework.boot.test.mock.mockito.MockitoTestExecutionListener, org.springframework.boot.test.mock.mockito.ResetMocksTestExecutionListener, org.springframework.test.context.web.ServletTestExecutionListener, org.springframework.test.context.support.DirtiesContextBeforeModesTestExecutionListener, org.springframework.test.context.event.ApplicationEventsTestExecutionListener, org.springframework.test.context.support.DependencyInjectionTestExecutionListener, org.springframework.test.context.support.DirtiesContextTestExecutionListener, org.springframework.test.context.transaction.TransactionalTestExecutionListener, org.springframework.test.context.jdbc.SqlScriptsTestExecutionListener, org.springframework.test.context.event.EventPublishingTestExecutionListener]
2022-04-04 07:54:36.570  INFO 91619 --- [    Test worker] .b.t.c.SpringBootTestContextBootstrapper : Using TestExecutionListeners: [org.springframework.test.context.web.ServletTestExecutionListener@5e37fb82, org.springframework.test.context.support.DirtiesContextBeforeModesTestExecutionListener@59ec7020, org.springframework.test.context.event.ApplicationEventsTestExecutionListener@23f60b7d, org.springframework.boot.test.mock.mockito.MockitoTestExecutionListener@2ba9f986, org.springframework.boot.test.autoconfigure.SpringBootDependencyInjectionTestExecutionListener@4aa3fc9a, org.springframework.test.context.support.DirtiesContextTestExecutionListener@70f4f89e, org.springframework.test.context.event.EventPublishingTestExecutionListener@634aa81e, org.springframework.boot.test.autoconfigure.restdocs.RestDocsTestExecutionListener@74b1838, org.springframework.boot.test.autoconfigure.web.client.MockRestServiceServerResetTestExecutionListener@52d96367, org.springframework.boot.test.autoconfigure.web.servlet.MockMvcPrintOnlyOnFailureTestExecutionListener@5be51aa, org.springframework.boot.test.autoconfigure.web.servlet.WebDriverTestExecutionListener@3302035b, org.springframework.boot.test.autoconfigure.webservices.client.MockWebServiceServerTestExecutionListener@6c5747db, org.springframework.boot.test.mock.mockito.ResetMocksTestExecutionListener@750cd36d]

  .   ____          _            __ _ _
 /\\ / ___'_ __ _ _(_)_ __  __ _ \ \ \ \
( ( )\___ | '_ | '_| | '_ \/ _` | \ \ \ \
 \\/  ___)| |_)| | | | | || (_| |  ) ) ) )
  '  |____| .__|_| |_|_| |_\__, | / / / /
 =========|_|==============|___/=/_/_/_/
 :: Spring Boot ::                (v2.6.6)

2022-04-04 07:54:36.581  INFO 91619 --- [    Test worker] b.c.c.s.impl.BookingServiceImplTest      : Starting BookingServiceImplTest using Java 18 on MacBook-Air-de-Fabio.local with PID 91619 (started by fabiofontes in /Users/fabiofontes/IdeaProjects/hotelbook)
2022-04-04 07:54:36.581  INFO 91619 --- [    Test worker] b.c.c.s.impl.BookingServiceImplTest      : The following 1 profile is active: "test"
2022-04-04 07:54:36.918  INFO 91619 --- [    Test worker] b.c.c.s.impl.BookingServiceImplTest      : Started BookingServiceImplTest in 0.347 seconds (JVM running for 2.671)
]]></system-out>
  <system-err><![CDATA[]]></system-err>
</testsuite>
